<?xml version="1.0" encoding="UTF-8"?>
<testsuite xmlns:xsi="http://www.w3.org/2001/XMLSchema-instance" xsi:noNamespaceSchemaLocation="https://maven.apache.org/surefire/maven-surefire-plugin/xsd/surefire-test-report.xsd" version="3.0.2" name="com.socialapp.restful.TestEmptyContext" time="1.774" tests="1" errors="0" skipped="0" failures="0">
  <properties>
[...]
</properties>
  <testcase name="contextLoads" classname="com.socialapp.restful.TestEmptyContext" time="0.448">
    <system-out><![CDATA[&amp#27;[30m2024-11-22T18:25:15,431&amp#27;[m &amp#27;[32mINFO  &amp#27;[m[&amp#27;[1;34mmain&amp#27;[m] &amp#27;[1;33mo.s.t.c.s.AnnotationConfigContextLoaderUtils&amp#27;[m: Could not detect default configuration classes for test class [com.socialapp.restful.TestEmptyContext]: TestEmptyContext does not declare any static, non-private, non-final, nested classes annotated with @Configuration.
&amp#27;[30m2024-11-22T18:25:15,467&amp#27;[m &amp#27;[32mINFO  &amp#27;[m[&amp#27;[1;34mmain&amp#27;[m] &amp#27;[1;33mo.s.b.t.c.SpringBootTestContextBootstrapper&amp#27;[m: Found @SpringBootConfiguration com.socialapp.restful.RestfulApiApplication for test class com.socialapp.restful.TestEmptyContext
  .   ____          _            __ _ _
 /\\ / ___'_ __ _ _(_)_ __  __ _ \ \ \ \
( ( )\___ | '_ | '_| | '_ \/ _` | \ \ \ \
 \\/  ___)| |_)| | | | | || (_| |  ) ) ) )
  '  |____| .__|_| |_|_| |_\__, | / / / /
 =========|_|==============|___/=/_/_/_/

 :: Spring Boot ::                (v3.3.0)

&amp#27;[30m2024-11-22T18:25:15,607&amp#27;[m &amp#27;[32mINFO  &amp#27;[m[&amp#27;[1;34mmain&amp#27;[m] &amp#27;[1;33mo.s.b.StartupInfoLogger&amp#27;[m: Starting TestEmptyContext using Java 23 with PID 24221 (started by julianfisla in /Users/julianfisla/api-project/socialapp-api)
&amp#27;[30m2024-11-22T18:25:15,609&amp#27;[m &amp#27;[36mDEBUG &amp#27;[m[&amp#27;[1;34mmain&amp#27;[m] &amp#27;[1;33mo.s.b.StartupInfoLogger&amp#27;[m: Running with Spring Boot v3.3.0, Spring v6.1.8
&amp#27;[30m2024-11-22T18:25:15,610&amp#27;[m &amp#27;[32mINFO  &amp#27;[m[&amp#27;[1;34mmain&amp#27;[m] &amp#27;[1;33mo.s.b.SpringApplication&amp#27;[m: No active profile set, falling back to 1 default profile: "default"
&amp#27;[30m2024-11-22T18:25:15,836&amp#27;[m &amp#27;[32mINFO  &amp#27;[m[&amp#27;[1;34mmain&amp#27;[m] &amp#27;[1;33mo.s.d.r.c.RepositoryConfigurationDelegate&amp#27;[m: Bootstrapping Spring Data MongoDB repositories in DEFAULT mode.
&amp#27;[30m2024-11-22T18:25:15,855&amp#27;[m &amp#27;[32mINFO  &amp#27;[m[&amp#27;[1;34mmain&amp#27;[m] &amp#27;[1;33mo.s.d.r.c.RepositoryConfigurationDelegate&amp#27;[m: Finished Spring Data repository scanning in 17 ms. Found 2 MongoDB repository interfaces.
&amp#27;[30m2024-11-22T18:25:15,969&amp#27;[m &amp#27;[32mINFO  &amp#27;[m[&amp#27;[1;34mmain&amp#27;[m] &amp#27;[1;33mc.s.r.RestfulApiApplication&amp#27;[m: ON-STARTUP-LOGIC @PostConstruct
&amp#27;[30m2024-11-22T18:25:16,069&amp#27;[m &amp#27;[32mINFO  &amp#27;[m[&amp#27;[1;34mmain&amp#27;[m] &amp#27;[1;33mc.m.i.d.l.SLF4JLogger&amp#27;[m: MongoClient with metadata {"application": {"name": "Cluster0"}, "driver": {"name": "mongo-java-driver|sync|spring-boot", "version": "5.0.1"}, "os": {"type": "Darwin", "name": "Mac OS X", "architecture": "aarch64", "version": "15.0.1"}, "platform": "Java/Homebrew/23"} created with settings MongoClientSettings{readPreference=primary, writeConcern=WriteConcern{w=majority, wTimeout=null ms, journal=null}, retryWrites=true, retryReads=true, readConcern=ReadConcern{level=null}, credential=MongoCredential{mechanism=null, userName='julian_fisla', source='admin', password=<hidden>, mechanismProperties=<hidden>}, transportSettings=null, commandListeners=[], codecRegistry=ProvidersCodecRegistry{codecProviders=[ValueCodecProvider{}, BsonValueCodecProvider{}, DBRefCodecProvider{}, DBObjectCodecProvider{}, DocumentCodecProvider{}, CollectionCodecProvider{}, IterableCodecProvider{}, MapCodecProvider{}, GeoJsonCodecProvider{}, GridFSFileCodecProvider{}, Jsr310CodecProvider{}, JsonObjectCodecProvider{}, BsonCodecProvider{}, EnumCodecProvider{}, com.mongodb.client.model.mql.ExpressionCodecProvider@b30a50d, com.mongodb.Jep395RecordCodecProvider@764a3e5d, com.mongodb.KotlinCodecProvider@6c742b84]}, loggerSettings=LoggerSettings{maxDocumentLength=1000}, clusterSettings={hosts=[127.0.0.1:27017], srvHost=cluster0.n1kzz.mongodb.net, srvServiceName=mongodb, mode=MULTIPLE, requiredClusterType=REPLICA_SET, requiredReplicaSetName='atlas-11ddw0-shard-0', serverSelector='null', clusterListeners='[]', serverSelectionTimeout='30000 ms', localThreshold='15 ms'}, socketSettings=SocketSettings{connectTimeoutMS=10000, readTimeoutMS=0, receiveBufferSize=0, proxySettings=ProxySettings{host=null, port=null, username=null, password=null}}, heartbeatSocketSettings=SocketSettings{connectTimeoutMS=10000, readTimeoutMS=10000, receiveBufferSize=0, proxySettings=ProxySettings{host=null, port=null, username=null, password=null}}, connectionPoolSettings=ConnectionPoolSettings{maxSize=100, minSize=0, maxWaitTimeMS=120000, maxConnectionLifeTimeMS=0, maxConnectionIdleTimeMS=0, maintenanceInitialDelayMS=0, maintenanceFrequencyMS=60000, connectionPoolListeners=[], maxConnecting=2}, serverSettings=ServerSettings{heartbeatFrequencyMS=10000, minHeartbeatFrequencyMS=500, serverListeners='[]', serverMonitorListeners='[]'}, sslSettings=SslSettings{enabled=true, invalidHostNameAllowed=false, context=null}, applicationName='Cluster0', compressorList=[], uuidRepresentation=JAVA_LEGACY, serverApi=null, autoEncryptionSettings=null, dnsClient=null, inetAddressResolver=null, contextProvider=null}
&amp#27;[30m2024-11-22T18:25:16,071&amp#27;[m &amp#27;[32mINFO  &amp#27;[m[&amp#27;[1;34mcluster-ClusterId{value='674112dc1836e605480a0dd7', description='Cluster0'}-srv-cluster0.n1kzz.mongodb.net&amp#27;[m] &amp#27;[1;33mc.m.i.d.l.SLF4JLogger&amp#27;[m: Adding discovered server cluster0-shard-00-01.n1kzz.mongodb.net:27017 to client view of cluster
&amp#27;[30m2024-11-22T18:25:16,082&amp#27;[m &amp#27;[32mINFO  &amp#27;[m[&amp#27;[1;34mcluster-ClusterId{value='674112dc1836e605480a0dd7', description='Cluster0'}-srv-cluster0.n1kzz.mongodb.net&amp#27;[m] &amp#27;[1;33mc.m.i.d.l.SLF4JLogger&amp#27;[m: Adding discovered server cluster0-shard-00-02.n1kzz.mongodb.net:27017 to client view of cluster
&amp#27;[30m2024-11-22T18:25:16,084&amp#27;[m &amp#27;[32mINFO  &amp#27;[m[&amp#27;[1;34mcluster-ClusterId{value='674112dc1836e605480a0dd7', description='Cluster0'}-srv-cluster0.n1kzz.mongodb.net&amp#27;[m] &amp#27;[1;33mc.m.i.d.l.SLF4JLogger&amp#27;[m: Adding discovered server cluster0-shard-00-00.n1kzz.mongodb.net:27017 to client view of cluster
&amp#27;[30m2024-11-22T18:25:16,464&amp#27;[m &amp#27;[32mINFO  &amp#27;[m[&amp#27;[1;34mmain&amp#27;[m] &amp#27;[1;33mo.s.b.StartupInfoLogger&amp#27;[m: Started TestEmptyContext in 0.95 seconds (process running for 1.547)
&amp#27;[30m2024-11-22T18:25:16,684&amp#27;[m &amp#27;[32mINFO  &amp#27;[m[&amp#27;[1;34mcluster-ClusterId{value='674112dc1836e605480a0dd7', description='Cluster0'}-cluster0-shard-00-01.n1kzz.mongodb.net:27017&amp#27;[m] &amp#27;[1;33mc.m.i.d.l.SLF4JLogger&amp#27;[m: Monitor thread successfully connected to server with description ServerDescription{address=cluster0-shard-00-01.n1kzz.mongodb.net:27017, type=REPLICA_SET_SECONDARY, state=CONNECTED, ok=true, minWireVersion=0, maxWireVersion=25, maxDocumentSize=16777216, logicalSessionTimeoutMinutes=30, roundTripTimeNanos=325655584, setName='atlas-11ddw0-shard-0', canonicalAddress=cluster0-shard-00-01.n1kzz.mongodb.net:27017, hosts=[cluster0-shard-00-02.n1kzz.mongodb.net:27017, cluster0-shard-00-01.n1kzz.mongodb.net:27017, cluster0-shard-00-00.n1kzz.mongodb.net:27017], passives=[], arbiters=[], primary='cluster0-shard-00-02.n1kzz.mongodb.net:27017', tagSet=TagSet{[Tag{name='availabilityZone', value='usw2-az2'}, Tag{name='diskState', value='READY'}, Tag{name='nodeType', value='ELECTABLE'}, Tag{name='provider', value='AWS'}, Tag{name='region', value='US_WEST_2'}, Tag{name='workloadType', value='OPERATIONAL'}]}, electionId=null, setVersion=36, topologyVersion=TopologyVersion{processId=673b602bc573fcdcae69ded9, counter=4}, lastWriteDate=Fri Nov 22 18:25:16 EST 2024, lastUpdateTimeNanos=11885295028083}
&amp#27;[30m2024-11-22T18:25:16,684&amp#27;[m &amp#27;[32mINFO  &amp#27;[m[&amp#27;[1;34mcluster-ClusterId{value='674112dc1836e605480a0dd7', description='Cluster0'}-cluster0-shard-00-00.n1kzz.mongodb.net:27017&amp#27;[m] &amp#27;[1;33mc.m.i.d.l.SLF4JLogger&amp#27;[m: Monitor thread successfully connected to server with description ServerDescription{address=cluster0-shard-00-00.n1kzz.mongodb.net:27017, type=REPLICA_SET_SECONDARY, state=CONNECTED, ok=true, minWireVersion=0, maxWireVersion=25, maxDocumentSize=16777216, logicalSessionTimeoutMinutes=30, roundTripTimeNanos=340053959, setName='atlas-11ddw0-shard-0', canonicalAddress=cluster0-shard-00-00.n1kzz.mongodb.net:27017, hosts=[cluster0-shard-00-02.n1kzz.mongodb.net:27017, cluster0-shard-00-01.n1kzz.mongodb.net:27017, cluster0-shard-00-00.n1kzz.mongodb.net:27017], passives=[], arbiters=[], primary='cluster0-shard-00-02.n1kzz.mongodb.net:27017', tagSet=TagSet{[Tag{name='availabilityZone', value='usw2-az1'}, Tag{name='diskState', value='READY'}, Tag{name='nodeType', value='ELECTABLE'}, Tag{name='provider', value='AWS'}, Tag{name='region', value='US_WEST_2'}, Tag{name='workloadType', value='OPERATIONAL'}]}, electionId=null, setVersion=36, topologyVersion=TopologyVersion{processId=673b5fc3029168bf98dba7f3, counter=5}, lastWriteDate=Fri Nov 22 18:25:16 EST 2024, lastUpdateTimeNanos=11885295005541}
&amp#27;[30m2024-11-22T18:25:16,684&amp#27;[m &amp#27;[32mINFO  &amp#27;[m[&amp#27;[1;34mcluster-ClusterId{value='674112dc1836e605480a0dd7', description='Cluster0'}-cluster0-shard-00-02.n1kzz.mongodb.net:27017&amp#27;[m] &amp#27;[1;33mc.m.i.d.l.SLF4JLogger&amp#27;[m: Monitor thread successfully connected to server with description ServerDescription{address=cluster0-shard-00-02.n1kzz.mongodb.net:27017, type=REPLICA_SET_PRIMARY, state=CONNECTED, ok=true, minWireVersion=0, maxWireVersion=25, maxDocumentSize=16777216, logicalSessionTimeoutMinutes=30, roundTripTimeNanos=339352958, setName='atlas-11ddw0-shard-0', canonicalAddress=cluster0-shard-00-02.n1kzz.mongodb.net:27017, hosts=[cluster0-shard-00-02.n1kzz.mongodb.net:27017, cluster0-shard-00-01.n1kzz.mongodb.net:27017, cluster0-shard-00-00.n1kzz.mongodb.net:27017], passives=[], arbiters=[], primary='cluster0-shard-00-02.n1kzz.mongodb.net:27017', tagSet=TagSet{[Tag{name='availabilityZone', value='usw2-az3'}, Tag{name='diskState', value='READY'}, Tag{name='nodeType', value='ELECTABLE'}, Tag{name='provider', value='AWS'}, Tag{name='region', value='US_WEST_2'}, Tag{name='workloadType', value='OPERATIONAL'}]}, electionId=7fffffff000000000000010f, setVersion=36, topologyVersion=TopologyVersion{processId=673b5ff779a96abce7f52096, counter=7}, lastWriteDate=Fri Nov 22 18:25:16 EST 2024, lastUpdateTimeNanos=11885294941333}
&amp#27;[30m2024-11-22T18:25:16,686&amp#27;[m &amp#27;[32mINFO  &amp#27;[m[&amp#27;[1;34mcluster-ClusterId{value='674112dc1836e605480a0dd7', description='Cluster0'}-cluster0-shard-00-02.n1kzz.mongodb.net:27017&amp#27;[m] &amp#27;[1;33mc.m.i.d.l.SLF4JLogger&amp#27;[m: Discovered replica set primary cluster0-shard-00-02.n1kzz.mongodb.net:27017 with max election id 7fffffff000000000000010f and max set version 36
]]></system-out>
    <system-err><![CDATA[WARNING: A Java agent has been loaded dynamically (/Users/julianfisla/.m2/repository/net/bytebuddy/byte-buddy-agent/1.14.16/byte-buddy-agent-1.14.16.jar)
WARNING: If a serviceability tool is in use, please run with -XX:+EnableDynamicAgentLoading to hide this warning
WARNING: If a serviceability tool is not in use, please run with -Djdk.instrument.traceUsage for more information
WARNING: Dynamic loading of agents will be disallowed by default in a future release
]]></system-err>
  </testcase>
</testsuite>